<?xml version="1.0" encoding="UTF-8"?>
<testsuite name="BlockchainTest" tests="1" skipped="0" failures="1" errors="0" timestamp="2024-05-22T21:06:32" hostname="MBPuzivaCuninka.home" time="3.684">
  <properties/>
  <testcase name="start" classname="BlockchainTest" time="3.684">
    <failure message="java.lang.AssertionError: Wrong answer in test #1&#10;&#10;All blocks contain the same data!&#10;&#10;Please find below the output of your program during this failed test.&#10;&#10;---&#10;&#10;Block:&#10;Created by miner # 1&#10;Id: 1&#10;Timestamp: 1716411992869&#10;Magic number: 0&#10;Hash of the previous block:&#10;0&#10;Hash of the block:&#10;d1f1e0c2dc8a2055be6f9680308dff5a9135d0bbcc31442af977a318cac22351&#10;Block data:&#10;no messages&#10;Block was generating for 0 seconds&#10;N was increased to 0&#10;&#10;Block:&#10;Created by miner # 1&#10;Id: 2&#10;Timestamp: 1716411992898&#10;Magic number: 0&#10;Hash of the previous block:&#10;d1f1e0c2dc8a2055be6f9680308dff5a9135d0bbcc31442af977a318cac22351&#10;Hash of the block:&#10;5379aa5c7a7e090e38cab71d707cff34ae1bb04692779cac22510c2aff9bb000&#10;Block data:&#10;no messages&#10;Block was generating for 0 seconds&#10;N was increased to 0&#10;&#10;Block:&#10;Created by miner # 1&#10;Id: 3&#10;Timestamp: 1716411992950&#10;Magic number: 25&#10;Hash of the previous block:&#10;5379aa5c7a7e090e38cab71d707cff34ae1bb04692779cac22510c2aff9bb000&#10;Hash of the block:&#10;025377dc9a34434ca45feeaccb07c9bc8dae223ba23517f28e0cb774e8e7f47a&#10;Block data:&#10;no messages&#10;Block was generating for 0 seconds&#10;N was increased to 1&#10;&#10;Block:&#10;Created by miner # 5&#10;Id: 4&#10;Timestamp: 1716411993045&#10;Magic number: 75&#10;Hash of the previous block:&#10;025377dc9a34434ca45feeaccb07c9bc8dae223ba23517f28e0cb774e8e7f47a&#10;Hash of the block:&#10;00c1d6979fd5cfc225703d44b3dcbd7dc069623802f6b51f6dbe77b4b38c9280&#10;Block data:&#10;no messages&#10;Block was generating for 0 seconds&#10;N was increased to 2&#10;&#10;Block:&#10;Created by miner # 2&#10;Id: 5&#10;Timestamp: 1716411995884&#10;Magic number: 5921&#10;Hash of the previous block:&#10;00c1d6979fd5cfc225703d44b3dcbd7dc069623802f6b51f6dbe77b4b38c9280&#10;Hash of the block:&#10;000ef56b37bdfe275674cef778e93bd286e5551cc41b82701c2ffbe13fbc7ccc&#10;Block data:&#10;no messages&#10;Block was generating for 0 seconds&#10;N was increased to 3" type="java.lang.AssertionError">java.lang.AssertionError: Wrong answer in test #1

All blocks contain the same data!

Please find below the output of your program during this failed test.

---

Block:
Created by miner # 1
Id: 1
Timestamp: 1716411992869
Magic number: 0
Hash of the previous block:
0
Hash of the block:
d1f1e0c2dc8a2055be6f9680308dff5a9135d0bbcc31442af977a318cac22351
Block data:
no messages
Block was generating for 0 seconds
N was increased to 0

Block:
Created by miner # 1
Id: 2
Timestamp: 1716411992898
Magic number: 0
Hash of the previous block:
d1f1e0c2dc8a2055be6f9680308dff5a9135d0bbcc31442af977a318cac22351
Hash of the block:
5379aa5c7a7e090e38cab71d707cff34ae1bb04692779cac22510c2aff9bb000
Block data:
no messages
Block was generating for 0 seconds
N was increased to 0

Block:
Created by miner # 1
Id: 3
Timestamp: 1716411992950
Magic number: 25
Hash of the previous block:
5379aa5c7a7e090e38cab71d707cff34ae1bb04692779cac22510c2aff9bb000
Hash of the block:
025377dc9a34434ca45feeaccb07c9bc8dae223ba23517f28e0cb774e8e7f47a
Block data:
no messages
Block was generating for 0 seconds
N was increased to 1

Block:
Created by miner # 5
Id: 4
Timestamp: 1716411993045
Magic number: 75
Hash of the previous block:
025377dc9a34434ca45feeaccb07c9bc8dae223ba23517f28e0cb774e8e7f47a
Hash of the block:
00c1d6979fd5cfc225703d44b3dcbd7dc069623802f6b51f6dbe77b4b38c9280
Block data:
no messages
Block was generating for 0 seconds
N was increased to 2

Block:
Created by miner # 2
Id: 5
Timestamp: 1716411995884
Magic number: 5921
Hash of the previous block:
00c1d6979fd5cfc225703d44b3dcbd7dc069623802f6b51f6dbe77b4b38c9280
Hash of the block:
000ef56b37bdfe275674cef778e93bd286e5551cc41b82701c2ffbe13fbc7ccc
Block data:
no messages
Block was generating for 0 seconds
N was increased to 3
	at org.junit.Assert.fail(Assert.java:89)
	at org.hyperskill.hstest.stage.StageTest.start(StageTest.java:203)
	at java.base/jdk.internal.reflect.NativeMethodAccessorImpl.invoke0(Native Method)
	at java.base/jdk.internal.reflect.NativeMethodAccessorImpl.invoke(NativeMethodAccessorImpl.java:77)
	at java.base/jdk.internal.reflect.DelegatingMethodAccessorImpl.invoke(DelegatingMethodAccessorImpl.java:43)
	at java.base/java.lang.reflect.Method.invoke(Method.java:568)
	at org.junit.runners.model.FrameworkMethod$1.runReflectiveCall(FrameworkMethod.java:59)
	at org.junit.internal.runners.model.ReflectiveCallable.run(ReflectiveCallable.java:12)
	at org.junit.runners.model.FrameworkMethod.invokeExplosively(FrameworkMethod.java:56)
	at org.junit.internal.runners.statements.InvokeMethod.evaluate(InvokeMethod.java:17)
	at org.junit.runners.ParentRunner$3.evaluate(ParentRunner.java:306)
	at org.junit.runners.BlockJUnit4ClassRunner$1.evaluate(BlockJUnit4ClassRunner.java:100)
	at org.junit.runners.ParentRunner.runLeaf(ParentRunner.java:366)
	at org.junit.runners.BlockJUnit4ClassRunner.runChild(BlockJUnit4ClassRunner.java:103)
	at org.junit.runners.BlockJUnit4ClassRunner.runChild(BlockJUnit4ClassRunner.java:63)
	at org.junit.runners.ParentRunner$4.run(ParentRunner.java:331)
	at org.junit.runners.ParentRunner$1.schedule(ParentRunner.java:79)
	at org.junit.runners.ParentRunner.runChildren(ParentRunner.java:329)
	at org.junit.runners.ParentRunner.access$100(ParentRunner.java:66)
	at org.junit.runners.ParentRunner$2.evaluate(ParentRunner.java:293)
	at org.junit.runners.ParentRunner$3.evaluate(ParentRunner.java:306)
	at org.junit.runners.ParentRunner.run(ParentRunner.java:413)
	at org.gradle.api.internal.tasks.testing.junit.JUnitTestClassExecutor.runTestClass(JUnitTestClassExecutor.java:110)
	at org.gradle.api.internal.tasks.testing.junit.JUnitTestClassExecutor.execute(JUnitTestClassExecutor.java:58)
	at org.gradle.api.internal.tasks.testing.junit.JUnitTestClassExecutor.execute(JUnitTestClassExecutor.java:38)
	at org.gradle.api.internal.tasks.testing.junit.AbstractJUnitTestClassProcessor.processTestClass(AbstractJUnitTestClassProcessor.java:62)
	at org.gradle.api.internal.tasks.testing.SuiteTestClassProcessor.processTestClass(SuiteTestClassProcessor.java:51)
	at java.base/jdk.internal.reflect.NativeMethodAccessorImpl.invoke0(Native Method)
	at java.base/jdk.internal.reflect.NativeMethodAccessorImpl.invoke(NativeMethodAccessorImpl.java:77)
	at java.base/jdk.internal.reflect.DelegatingMethodAccessorImpl.invoke(DelegatingMethodAccessorImpl.java:43)
	at java.base/java.lang.reflect.Method.invoke(Method.java:568)
	at org.gradle.internal.dispatch.ReflectionDispatch.dispatch(ReflectionDispatch.java:36)
	at org.gradle.internal.dispatch.ReflectionDispatch.dispatch(ReflectionDispatch.java:24)
	at org.gradle.internal.dispatch.ContextClassLoaderDispatch.dispatch(ContextClassLoaderDispatch.java:33)
	at org.gradle.internal.dispatch.ProxyDispatchAdapter$DispatchingInvocationHandler.invoke(ProxyDispatchAdapter.java:94)
	at jdk.proxy1/jdk.proxy1.$Proxy2.processTestClass(Unknown Source)
	at org.gradle.api.internal.tasks.testing.worker.TestWorker$2.run(TestWorker.java:176)
	at org.gradle.api.internal.tasks.testing.worker.TestWorker.executeAndMaintainThreadName(TestWorker.java:129)
	at org.gradle.api.internal.tasks.testing.worker.TestWorker.execute(TestWorker.java:100)
	at org.gradle.api.internal.tasks.testing.worker.TestWorker.execute(TestWorker.java:60)
	at org.gradle.process.internal.worker.child.ActionExecutionWorker.execute(ActionExecutionWorker.java:56)
	at org.gradle.process.internal.worker.child.SystemApplicationClassLoaderWorker.call(SystemApplicationClassLoaderWorker.java:133)
	at org.gradle.process.internal.worker.child.SystemApplicationClassLoaderWorker.call(SystemApplicationClassLoaderWorker.java:71)
	at worker.org.gradle.process.internal.worker.GradleWorkerMain.run(GradleWorkerMain.java:69)
	at worker.org.gradle.process.internal.worker.GradleWorkerMain.main(GradleWorkerMain.java:74)
</failure>
  </testcase>
  <system-out><![CDATA[?[1;31m
Start test 1?[0m
Block:
Created by miner # 1
Id: 1
Timestamp: 1716411992869
Magic number: 0
Hash of the previous block:
0
Hash of the block:
d1f1e0c2dc8a2055be6f9680308dff5a9135d0bbcc31442af977a318cac22351
Block data:
no messages
Block was generating for 0 seconds
N was increased to 0

Block:
Created by miner # 1
Id: 2
Timestamp: 1716411992898
Magic number: 0
Hash of the previous block:
d1f1e0c2dc8a2055be6f9680308dff5a9135d0bbcc31442af977a318cac22351
Hash of the block:
5379aa5c7a7e090e38cab71d707cff34ae1bb04692779cac22510c2aff9bb000
Block data:
no messages
Block was generating for 0 seconds
N was increased to 0

Block:
Created by miner # 1
Id: 3
Timestamp: 1716411992950
Magic number: 25
Hash of the previous block:
5379aa5c7a7e090e38cab71d707cff34ae1bb04692779cac22510c2aff9bb000
Hash of the block:
025377dc9a34434ca45feeaccb07c9bc8dae223ba23517f28e0cb774e8e7f47a
Block data:
no messages
Block was generating for 0 seconds
N was increased to 1

Block:
Created by miner # 5
Id: 4
Timestamp: 1716411993045
Magic number: 75
Hash of the previous block:
025377dc9a34434ca45feeaccb07c9bc8dae223ba23517f28e0cb774e8e7f47a
Hash of the block:
00c1d6979fd5cfc225703d44b3dcbd7dc069623802f6b51f6dbe77b4b38c9280
Block data:
no messages
Block was generating for 0 seconds
N was increased to 2

Block:
Created by miner # 2
Id: 5
Timestamp: 1716411995884
Magic number: 5921
Hash of the previous block:
00c1d6979fd5cfc225703d44b3dcbd7dc069623802f6b51f6dbe77b4b38c9280
Hash of the block:
000ef56b37bdfe275674cef778e93bd286e5551cc41b82701c2ffbe13fbc7ccc
Block data:
no messages
Block was generating for 0 seconds
N was increased to 3

]]></system-out>
  <system-err><![CDATA[]]></system-err>
</testsuite>
