<?xml version="1.0" encoding="UTF-8"?>
<testsuite name="BlockchainTest" tests="1" skipped="0" failures="0" errors="0" timestamp="2024-04-15T20:58:57" hostname="MBPuzivaCuninka.home" time="12.977">
  <properties/>
  <testcase name="start" classname="BlockchainTest" time="12.977"/>
  <system-out><![CDATA[?[1;31m
Start test 1?[0m
Block:
Created by miner # 1
Id: 1
Timestamp: 1713214737998
Magic number: 0
Hash of the previous block:
0
Hash of the block:
51dcda0898a89f591881ec56241a7ac564ea48fb9e71964f9ef5f9782573088d
Block was generating for 0 seconds
N was increased to 0

Block:
Created by miner # 1
Id: 2
Timestamp: 1713214738023
Magic number: 0
Hash of the previous block:
51dcda0898a89f591881ec56241a7ac564ea48fb9e71964f9ef5f9782573088d
Hash of the block:
861bdc0c68bf27701b0bb4610f279e473d71c9c611f35d4eb5551665bd5fbc74
Block was generating for 0 seconds
N was increased to 0

Block:
Created by miner # 0
Id: 3
Timestamp: 1713214738039
Magic number: 1
Hash of the previous block:
861bdc0c68bf27701b0bb4610f279e473d71c9c611f35d4eb5551665bd5fbc74
Hash of the block:
03a968e4c7b646b439ca3c590550ef258c1d36a1e398b1368ad779fdf4015a3a
Block was generating for 0 seconds
N was increased to 1

Block:
Created by miner # 6
Id: 4
Timestamp: 1713214738161
Magic number: 47
Hash of the previous block:
03a968e4c7b646b439ca3c590550ef258c1d36a1e398b1368ad779fdf4015a3a
Hash of the block:
00baf72ccf881bc8f651537c4500347d6a838d887de4135d46a72c6adfcec2f8
Block was generating for 0 seconds
N was increased to 2

Block:
Created by miner # 6
Id: 5
Timestamp: 1713214740354
Magic number: 125
Hash of the previous block:
00baf72ccf881bc8f651537c4500347d6a838d887de4135d46a72c6adfcec2f8
Hash of the block:
000c806df77aa14499b8a1895032a8c2a176b0f39055ab7ddfb8e98edabcdd12
Block was generating for 0 seconds
N was increased to 3

?[1;31m
Start test 2?[0m
Block:
Created by miner # 1
Id: 1
Timestamp: 1713214740640
Magic number: 0
Hash of the previous block:
0
Hash of the block:
01c08633e2c9fb80dcbbeef32147f9eabd0300f12b50cfc17bd23704a61323bb
Block was generating for 0 seconds
N was increased to 0

Block:
Created by miner # 1
Id: 2
Timestamp: 1713214740642
Magic number: 0
Hash of the previous block:
01c08633e2c9fb80dcbbeef32147f9eabd0300f12b50cfc17bd23704a61323bb
Hash of the block:
280ad4a3702f614cb1ce730de604779070c47d2eb88d34ec0646f2687447244d
Block was generating for 0 seconds
N was increased to 0

Block:
Created by miner # 2
Id: 3
Timestamp: 1713214740646
Magic number: 14
Hash of the previous block:
280ad4a3702f614cb1ce730de604779070c47d2eb88d34ec0646f2687447244d
Hash of the block:
0f86c8722bec084225388d034bd57081c04b8a6ddb89d75d8e29ea6a27ae2c77
Block was generating for 0 seconds
N was increased to 1

Block:
Created by miner # 7
Id: 4
Timestamp: 1713214740661
Magic number: 59
Hash of the previous block:
0f86c8722bec084225388d034bd57081c04b8a6ddb89d75d8e29ea6a27ae2c77
Hash of the block:
0070cdb590789d5fe28d0cd4041bd3227a08c3c93efa13e9afc572dc8ee703db
Block was generating for 0 seconds
N was increased to 2

Block:
Created by miner # 2
Id: 5
Timestamp: 1713214750689
Magic number: 2015
Hash of the previous block:
0070cdb590789d5fe28d0cd4041bd3227a08c3c93efa13e9afc572dc8ee703db
Hash of the block:
0003e1f030c44221a8fdc9121132f2a38f2d4e3b478cef3f0ad0cf57fd669702
Block was generating for 0 seconds
N was increased to 3

]]></system-out>
  <system-err><![CDATA[]]></system-err>
</testsuite>
