<?xml version="1.0" encoding="UTF-8"?>
<testsuite name="BlockchainTest" tests="1" skipped="0" failures="0" errors="0" timestamp="2024-04-15T20:36:46" hostname="MBPuzivaCuninka.home" time="20.204">
  <properties/>
  <testcase name="start" classname="BlockchainTest" time="20.204"/>
  <system-out><![CDATA[?[1;31m
Start test 1?[0m
Block:
Created by miner # 1
Id: 1
Timestamp: 1713213406884
Magic number: 0
Hash of the previous block:
0
Hash of the block:
2f745f926210ddd9a9778dafdf25d5c5fbcda13b95f5e8e9266d64ed55adcbb3
Block was generating for 0 seconds
N was increased to 0

Block:
Created by miner # 1
Id: 2
Timestamp: 1713213406910
Magic number: 0
Hash of the previous block:
2f745f926210ddd9a9778dafdf25d5c5fbcda13b95f5e8e9266d64ed55adcbb3
Hash of the block:
06f8801f00a897ea744e36d6b7f0891b6d3612477bad2b671b6695db14daee76
Block was generating for 0 seconds
N was increased to 0

Block:
Created by miner # 2
Id: 3
Timestamp: 1713213406926
Magic number: 0
Hash of the previous block:
06f8801f00a897ea744e36d6b7f0891b6d3612477bad2b671b6695db14daee76
Hash of the block:
05381b0be136a8d2939f01abaac86ec32a7f6f4f53720aed5ffbfbb14cd4cf00
Block was generating for 0 seconds
N was increased to 1

Block:
Created by miner # 0
Id: 4
Timestamp: 1713213407542
Magic number: 68
Hash of the previous block:
05381b0be136a8d2939f01abaac86ec32a7f6f4f53720aed5ffbfbb14cd4cf00
Hash of the block:
009b981e904df8b84ca90ec3defb0dc11ab1f0a50067e333f1bb69195fddcd15
Block was generating for 0 seconds
N was increased to 2

Block:
Created by miner # 1
Id: 5
Timestamp: 1713213411444
Magic number: 819
Hash of the previous block:
009b981e904df8b84ca90ec3defb0dc11ab1f0a50067e333f1bb69195fddcd15
Hash of the block:
000d1a7e04caf6e763956858151b3b791a145b6e87bf59d18cacff670bdae553
Block was generating for 0 seconds
N was increased to 3

?[1;31m
Start test 2?[0m
Block:
Created by miner # 1
Id: 1
Timestamp: 1713213411943
Magic number: 0
Hash of the previous block:
0
Hash of the block:
3aa8d77742a81e14e7d0e13ead26ee3716ccc3974fe82f6b5d30471f43f29fdb
Block was generating for 0 seconds
N was increased to 0

Block:
Created by miner # 1
Id: 2
Timestamp: 1713213411946
Magic number: 0
Hash of the previous block:
3aa8d77742a81e14e7d0e13ead26ee3716ccc3974fe82f6b5d30471f43f29fdb
Hash of the block:
b5c3e728e841c426271ed2be2976a37bbcef3c7265c45f3940c488f0179475fc
Block was generating for 0 seconds
N was increased to 0

Block:
Created by miner # 1
Id: 3
Timestamp: 1713213411964
Magic number: 100
Hash of the previous block:
b5c3e728e841c426271ed2be2976a37bbcef3c7265c45f3940c488f0179475fc
Hash of the block:
01d102eb5d5a604bdc9b98771e16a5d1d12bd565d431622d8b3f7b93e61adc47
Block was generating for 0 seconds
N was increased to 1

Block:
Created by miner # 4
Id: 4
Timestamp: 1713213411996
Magic number: 36
Hash of the previous block:
01d102eb5d5a604bdc9b98771e16a5d1d12bd565d431622d8b3f7b93e61adc47
Hash of the block:
00642fba90e8bacd6aa2a108ec4cfa0a581e4ca4b7d446d0ced94702660cb8e8
Block was generating for 0 seconds
N was increased to 2

Block:
Created by miner # 3
Id: 5
Timestamp: 1713213426604
Magic number: 6832
Hash of the previous block:
00642fba90e8bacd6aa2a108ec4cfa0a581e4ca4b7d446d0ced94702660cb8e8
Hash of the block:
0007fe56720dff7796bdbac748d51be149fcd3f61d0f47c512bf8a85f149ea65
Block was generating for 0 seconds
N was increased to 3

]]></system-out>
  <system-err><![CDATA[]]></system-err>
</testsuite>
