<?xml version="1.0" encoding="UTF-8"?>
<testsuite name="BlockchainTest" tests="1" skipped="0" failures="0" errors="0" timestamp="2024-04-15T21:04:33" hostname="MBPuzivaCuninka.home" time="19.553">
  <properties/>
  <testcase name="start" classname="BlockchainTest" time="19.553"/>
  <system-out><![CDATA[?[1;31m
Start test 1?[0m
Block:
Created by miner # 1
Id: 1
Timestamp: 1713215074014
Magic number: 0
Hash of the previous block:
0
Hash of the block:
9355620a8b4458b7d9b0ea9a173e0ac5ee04315fe200c5a6d9518cb9de98e177
Block was generating for 0 seconds
N was increased to 0

Block:
Created by miner # 1
Id: 2
Timestamp: 1713215074041
Magic number: 0
Hash of the previous block:
9355620a8b4458b7d9b0ea9a173e0ac5ee04315fe200c5a6d9518cb9de98e177
Hash of the block:
3f69cdb81b479fe4e5f81ec83c2c3e4758a9600b518645ed8faa9105bf23d556
Block was generating for 0 seconds
N was increased to 0

Block:
Created by miner # 3
Id: 3
Timestamp: 1713215074054
Magic number: 0
Hash of the previous block:
3f69cdb81b479fe4e5f81ec83c2c3e4758a9600b518645ed8faa9105bf23d556
Hash of the block:
07c5131789036d123a17067f57a572953ff79f6848107c8377d6ed6faac72012
Block was generating for 0 seconds
N was increased to 1

Block:
Created by miner # 8
Id: 4
Timestamp: 1713215074431
Magic number: 63
Hash of the previous block:
07c5131789036d123a17067f57a572953ff79f6848107c8377d6ed6faac72012
Hash of the block:
006148537b73ede3eeaa81b1f84477055b83347c04f5add1e32ab17f793da5c9
Block was generating for 0 seconds
N was increased to 2

Block:
Created by miner # 6
Id: 5
Timestamp: 1713215087396
Magic number: 3825
Hash of the previous block:
006148537b73ede3eeaa81b1f84477055b83347c04f5add1e32ab17f793da5c9
Hash of the block:
0002885d829dc2f72d4881bb49ccdf142dc113877b9305c2a2d2044494d19617
Block was generating for 0 seconds
N was increased to 3

?[1;31m
Start test 2?[0m
Block:
Created by miner # 1
Id: 1
Timestamp: 1713215087584
Magic number: 0
Hash of the previous block:
0
Hash of the block:
093396f8231f1e11cc746c0828c8fd6f712090055aabfe7b531451e11200f398
Block was generating for 0 seconds
N was increased to 0

Block:
Created by miner # 2
Id: 2
Timestamp: 1713215087586
Magic number: 0
Hash of the previous block:
093396f8231f1e11cc746c0828c8fd6f712090055aabfe7b531451e11200f398
Hash of the block:
acde0d140f3877659f47f0bb7cad0af145c490998def5b05dd1b645d14b585b4
Block was generating for 0 seconds
N was increased to 0

Block:
Created by miner # 0
Id: 3
Timestamp: 1713215087587
Magic number: 2
Hash of the previous block:
acde0d140f3877659f47f0bb7cad0af145c490998def5b05dd1b645d14b585b4
Hash of the block:
035d2c5d7c4ae14670665fc0d73004a0e4f445beda957cadc67a8c92404559cc
Block was generating for 0 seconds
N was increased to 1

Block:
Created by miner # 1
Id: 4
Timestamp: 1713215087858
Magic number: 71
Hash of the previous block:
035d2c5d7c4ae14670665fc0d73004a0e4f445beda957cadc67a8c92404559cc
Hash of the block:
00a76bc51927b53c097975c8f4db3b58c485736866934e0c3d7f07e9e9e9c09b
Block was generating for 0 seconds
N was increased to 2

Block:
Created by miner # 0
Id: 5
Timestamp: 1713215093254
Magic number: 2771
Hash of the previous block:
00a76bc51927b53c097975c8f4db3b58c485736866934e0c3d7f07e9e9e9c09b
Hash of the block:
000673ff25ea0d4cd0c38edd22dd2825354bbf658e7f6d5a017577b9b571f8d0
Block was generating for 0 seconds
N was increased to 3

]]></system-out>
  <system-err><![CDATA[]]></system-err>
</testsuite>
